<?xml version="1.0" encoding="UTF-8"?>
<!-- Generated by org.testng.reporters.JUnitReportReporter -->
<testsuite hostname="mondy" failures="0" tests="1" name="Shaft1.Shaft1.TestClass" time="8.148" errors="0" timestamp="2023-01-25T18:20:45 EET" skipped="0">
  <testcase classname="Shaft1.Shaft1.TestClass" name="test" time="8.148"/>
  <system-out/>
</testsuite> <!-- Shaft1.Shaft1.TestClass -->
